<?xml version="1.0" encoding="UTF-8"?>
<testng-results skipped="0" failed="0" ignored="0" total="1" passed="1">
  <reporter-output>
  </reporter-output>
  <suite name="Default suite" duration-ms="10730" started-at="2020-01-21T23:57:16 EST" finished-at="2020-01-21T23:57:26 EST">
    <groups>
    </groups>
    <test name="Default test" duration-ms="10730" started-at="2020-01-21T23:57:16 EST" finished-at="2020-01-21T23:57:26 EST">
      <class name="myyWorkTesting.SmokeTesting">
        <test-method status="PASS" signature="open()[pri:0, instance:myyWorkTesting.SmokeTesting@149494d8]" name="open" is-config="true" duration-ms="8684" started-at="2020-01-21T23:57:16 EST" finished-at="2020-01-21T23:57:24 EST">
          <reporter-output>
          </reporter-output>
        </test-method> <!-- open -->
        <test-method status="PASS" signature="smokeTesingOnHomePage()[pri:0, instance:myyWorkTesting.SmokeTesting@149494d8]" name="smokeTesingOnHomePage" duration-ms="1772" started-at="2020-01-21T23:57:24 EST" finished-at="2020-01-21T23:57:26 EST">
          <reporter-output>
          </reporter-output>
        </test-method> <!-- smokeTesingOnHomePage -->
        <test-method status="PASS" signature="closeDriver()[pri:0, instance:myyWorkTesting.SmokeTesting@149494d8]" name="closeDriver" is-config="true" duration-ms="219" started-at="2020-01-21T23:57:26 EST" finished-at="2020-01-21T23:57:26 EST">
          <reporter-output>
          </reporter-output>
        </test-method> <!-- closeDriver -->
      </class> <!-- myyWorkTesting.SmokeTesting -->
    </test> <!-- Default test -->
  </suite> <!-- Default suite -->
</testng-results>
